<?xml version="1.0" encoding="UTF-8"?>
<testng-results skipped="0" failed="6" total="9" passed="3">
  <reporter-output>
    <line>
      <![CDATA[2019-07-29 17:33:06,572 INFO  sytner.co.uk.homepage.HomePage_001_MenuItems - ===FAILED===
]]>
    </line>
    <line>
      <![CDATA[2019-07-29 17:33:06,577 INFO  sytner.co.uk.homepage.HomePage_001_MenuItems - MenuItems_008_NewCars- Step 01 : Click to New Cars Menu item
]]>
    </line>
    <line>
      <![CDATA[2019-07-29 17:33:09,890 INFO  sytner.co.uk.homepage.HomePage_001_MenuItems - MenuItems_008_NewCars- Step 02 : Verify New Cars page is displayed
]]>
    </line>
    <line>
      <![CDATA[2019-07-29 17:33:09,927 INFO  sytner.co.uk.homepage.HomePage_001_MenuItems - ===PASSED===
]]>
    </line>
    <line>
      <![CDATA[2019-07-29 17:33:09,929 INFO  sytner.co.uk.homepage.HomePage_001_MenuItems - MenuItems_009_CarMaintenance- Step 01 : Click to Car Maintenance Menu item
]]>
    </line>
    <line>
      <![CDATA[2019-07-29 17:33:40,121 INFO  sytner.co.uk.homepage.HomePage_001_MenuItems - MenuItems_010_Promotions- Step 01 : Click to Promotions Menu item
]]>
    </line>
    <line>
      <![CDATA[2019-07-29 17:34:10,185 INFO  sytner.co.uk.homepage.HomePage_001_MenuItems - MenuItems_011_BusinessUsers- Step 01 : Click to Business Users Menu item
]]>
    </line>
    <line>
      <![CDATA[2019-07-29 17:34:13,729 INFO  sytner.co.uk.homepage.HomePage_001_MenuItems - MenuItems_011_BusinessUsers- Step 02 : Verify Business Users page is displayed
]]>
    </line>
    <line>
      <![CDATA[2019-07-29 17:34:13,736 INFO  sytner.co.uk.homepage.HomePage_001_MenuItems - ===PASSED===
]]>
    </line>
    <line>
      <![CDATA[2019-07-29 17:34:13,737 INFO  sytner.co.uk.homepage.HomePage_001_MenuItems - MenuItems_012_SellYourCar- Step 01 : Click to Sell your car Users Menu item
]]>
    </line>
    <line>
      <![CDATA[2019-07-29 17:34:17,645 INFO  sytner.co.uk.homepage.HomePage_001_MenuItems - MenuItems_012_SellYourCar- Step 02 : Verify Sell your car page is displayed
]]>
    </line>
    <line>
      <![CDATA[2019-07-29 17:34:17,663 INFO  sytner.co.uk.homepage.HomePage_001_MenuItems - ===PASSED===
]]>
    </line>
    <line>
      <![CDATA[2019-07-29 17:34:17,664 INFO  sytner.co.uk.homepage.HomePage_001_MenuItems - MenuItems_013_DealerLocator- Step 01 : Click to Dealer Locator Menu item
]]>
    </line>
    <line>
      <![CDATA[2019-07-29 17:34:47,700 INFO  sytner.co.uk.homepage.HomePage_001_MenuItems - MenuItems_014_HomeIcon- Step 01 : Click to Dealer Locator
]]>
    </line>
    <line>
      <![CDATA[2019-07-29 17:35:13,905 INFO  sytner.co.uk.homepage.HomePage_001_MenuItems - MenuItems_015_SytnerGroupLogo- Step 01 : Click to Dealer Locator Menu item
]]>
    </line>
  </reporter-output>
  <suite name="SYTNER" duration-ms="156011" started-at="2019-07-29T10:32:37Z" finished-at="2019-07-29T10:35:13Z">
    <groups>
    </groups>
    <test name="RUN ON FIREFOX" duration-ms="156011" started-at="2019-07-29T10:32:37Z" finished-at="2019-07-29T10:35:13Z">
      <class name="sytner.co.uk.homepage.HomePage_001_MenuItems">
        <test-method status="PASS" signature="beforeTest(java.lang.String)[pri:0, instance:sytner.co.uk.homepage.HomePage_001_MenuItems@5a8e6209]" name="beforeTest" is-config="true" duration-ms="28453" started-at="2019-07-29T17:32:37Z" finished-at="2019-07-29T17:33:06Z">
          <params>
            <param index="0">
              <value>
                <![CDATA[chrome]]>
              </value>
            </param>
          </params>
          <reporter-output>
          </reporter-output>
        </test-method> <!-- beforeTest -->
        <test-method status="FAIL" signature="ImageScroll_001_ImageScrollDisplay()[pri:0, instance:sytner.co.uk.homepage.HomePage_001_MenuItems@5a8e6209]" name="ImageScroll_001_ImageScrollDisplay" duration-ms="203" started-at="2019-07-29T17:33:06Z" finished-at="2019-07-29T17:33:06Z">
          <exception class="java.lang.AssertionError">
            <message>
              <![CDATA[Value is not matching! expected [6] but found [5]]]>
            </message>
            <full-stacktrace>
              <![CDATA[java.lang.AssertionError: Value is not matching! expected [6] but found [5]
	at org.testng.Assert.fail(Assert.java:94)
	at org.testng.Assert.failNotEquals(Assert.java:496)
	at org.testng.Assert.assertEquals(Assert.java:125)
	at commons.AbstractTest.checkEquals(AbstractTest.java:150)
	at commons.AbstractTest.verifyEquals(AbstractTest.java:160)
	at sytner.co.uk.homepage.HomePage_001_MenuItems.ImageScroll_001_ImageScrollDisplay(HomePage_001_MenuItems.java:206)
	at sun.reflect.NativeMethodAccessorImpl.invoke0(Native Method)
	at sun.reflect.NativeMethodAccessorImpl.invoke(Unknown Source)
	at sun.reflect.DelegatingMethodAccessorImpl.invoke(Unknown Source)
	at java.lang.reflect.Method.invoke(Unknown Source)
	at org.testng.internal.MethodInvocationHelper.invokeMethod(MethodInvocationHelper.java:85)
	at org.testng.internal.Invoker.invokeMethod(Invoker.java:639)
	at org.testng.internal.Invoker.invokeTestMethod(Invoker.java:816)
	at org.testng.internal.Invoker.invokeTestMethods(Invoker.java:1124)
	at org.testng.internal.TestMethodWorker.invokeTestMethods(TestMethodWorker.java:125)
	at org.testng.internal.TestMethodWorker.run(TestMethodWorker.java:108)
	at org.testng.TestRunner.privateRun(TestRunner.java:774)
	at org.testng.TestRunner.run(TestRunner.java:624)
	at org.testng.SuiteRunner.runTest(SuiteRunner.java:359)
	at org.testng.SuiteRunner.access$000(SuiteRunner.java:39)
	at org.testng.SuiteRunner$SuiteWorker.run(SuiteRunner.java:393)
	at org.testng.internal.thread.ThreadUtil$2.call(ThreadUtil.java:64)
	at java.util.concurrent.FutureTask.run(Unknown Source)
	at java.util.concurrent.ThreadPoolExecutor.runWorker(Unknown Source)
	at java.util.concurrent.ThreadPoolExecutor$Worker.run(Unknown Source)
	at java.lang.Thread.run(Unknown Source)
]]>
            </full-stacktrace>
          </exception> <!-- java.lang.AssertionError -->
          <reporter-output>
            <line>
              <![CDATA[2019-07-29 17:33:06,572 INFO  sytner.co.uk.homepage.HomePage_001_MenuItems - ===FAILED===
]]>
            </line>
          </reporter-output>
        </test-method> <!-- ImageScroll_001_ImageScrollDisplay -->
        <test-method status="PASS" signature="MenuItems_008_NewCars()[pri:0, instance:sytner.co.uk.homepage.HomePage_001_MenuItems@5a8e6209]" name="MenuItems_008_NewCars" duration-ms="3350" started-at="2019-07-29T17:33:06Z" finished-at="2019-07-29T17:33:09Z">
          <reporter-output>
            <line>
              <![CDATA[2019-07-29 17:33:06,577 INFO  sytner.co.uk.homepage.HomePage_001_MenuItems - MenuItems_008_NewCars- Step 01 : Click to New Cars Menu item
]]>
            </line>
            <line>
              <![CDATA[2019-07-29 17:33:09,890 INFO  sytner.co.uk.homepage.HomePage_001_MenuItems - MenuItems_008_NewCars- Step 02 : Verify New Cars page is displayed
]]>
            </line>
            <line>
              <![CDATA[2019-07-29 17:33:09,927 INFO  sytner.co.uk.homepage.HomePage_001_MenuItems - ===PASSED===
]]>
            </line>
          </reporter-output>
        </test-method> <!-- MenuItems_008_NewCars -->
        <test-method status="FAIL" signature="MenuItems_009_CarMaintenance()[pri:0, instance:sytner.co.uk.homepage.HomePage_001_MenuItems@5a8e6209]" name="MenuItems_009_CarMaintenance" duration-ms="30133" started-at="2019-07-29T17:33:09Z" finished-at="2019-07-29T17:33:40Z">
          <exception class="org.openqa.selenium.NoSuchElementException">
            <message>
              <![CDATA[no such element: Unable to locate element: {"method":"xpath","selector":"//div[@id='primary-menu']//span[text()='Car Maintenance']"}
  (Session info: chrome=75.0.3770.142)
  (Driver info: chromedriver=75.0.3770.140 (2d9f97485c7b07dc18a74666574f19176731995c-refs/branch-heads/3770@{#1155}),platform=Windows NT 10.0.17134 x86_64) (WARNING: The server did not provide any stacktrace information)
Command duration or timeout: 30.06 seconds
For documentation on this error, please visit: http://seleniumhq.org/exceptions/no_such_element.html
Build info: version: '2.53.1', revision: 'a36b8b1', time: '2016-06-30 17:37:03'
System info: host: 'DESKTOP-R5AUEIT', ip: '10.5.21.39', os.name: 'Windows 10', os.arch: 'amd64', os.version: '10.0', java.version: '1.8.0_151'
Driver info: org.openqa.selenium.chrome.ChromeDriver
Capabilities [{mobileEmulationEnabled=false, timeouts={implicit=0, pageLoad=300000, script=30000}, hasTouchScreen=false, platform=XP, acceptSslCerts=false, goog:chromeOptions={debuggerAddress=localhost:59383}, acceptInsecureCerts=false, webStorageEnabled=true, browserName=chrome, takesScreenshot=true, javascriptEnabled=true, setWindowRect=true, unexpectedAlertBehaviour=ignore, applicationCacheEnabled=false, rotatable=false, networkConnectionEnabled=false, chrome={chromedriverVersion=75.0.3770.140 (2d9f97485c7b07dc18a74666574f19176731995c-refs/branch-heads/3770@{#1155}), userDataDir=C:\Users\MYPC\AppData\Local\Temp\scoped_dir4740_13771}, takesHeapSnapshot=true, pageLoadStrategy=normal, strictFileInteractability=false, databaseEnabled=false, handlesAlerts=true, version=75.0.3770.142, browserConnectionEnabled=false, proxy={}, nativeEvents=true, locationContextEnabled=true, cssSelectorsEnabled=true}]
Session ID: 8dc3f3d4a8bc31e9753416d8c436abda
*** Element info: {Using=xpath, value=//div[@id='primary-menu']//span[text()='Car Maintenance']}]]>
            </message>
            <full-stacktrace>
              <![CDATA[org.openqa.selenium.NoSuchElementException: no such element: Unable to locate element: {"method":"xpath","selector":"//div[@id='primary-menu']//span[text()='Car Maintenance']"}
  (Session info: chrome=75.0.3770.142)
  (Driver info: chromedriver=75.0.3770.140 (2d9f97485c7b07dc18a74666574f19176731995c-refs/branch-heads/3770@{#1155}),platform=Windows NT 10.0.17134 x86_64) (WARNING: The server did not provide any stacktrace information)
Command duration or timeout: 30.06 seconds
For documentation on this error, please visit: http://seleniumhq.org/exceptions/no_such_element.html
Build info: version: '2.53.1', revision: 'a36b8b1', time: '2016-06-30 17:37:03'
System info: host: 'DESKTOP-R5AUEIT', ip: '10.5.21.39', os.name: 'Windows 10', os.arch: 'amd64', os.version: '10.0', java.version: '1.8.0_151'
Driver info: org.openqa.selenium.chrome.ChromeDriver
Capabilities [{mobileEmulationEnabled=false, timeouts={implicit=0, pageLoad=300000, script=30000}, hasTouchScreen=false, platform=XP, acceptSslCerts=false, goog:chromeOptions={debuggerAddress=localhost:59383}, acceptInsecureCerts=false, webStorageEnabled=true, browserName=chrome, takesScreenshot=true, javascriptEnabled=true, setWindowRect=true, unexpectedAlertBehaviour=ignore, applicationCacheEnabled=false, rotatable=false, networkConnectionEnabled=false, chrome={chromedriverVersion=75.0.3770.140 (2d9f97485c7b07dc18a74666574f19176731995c-refs/branch-heads/3770@{#1155}), userDataDir=C:\Users\MYPC\AppData\Local\Temp\scoped_dir4740_13771}, takesHeapSnapshot=true, pageLoadStrategy=normal, strictFileInteractability=false, databaseEnabled=false, handlesAlerts=true, version=75.0.3770.142, browserConnectionEnabled=false, proxy={}, nativeEvents=true, locationContextEnabled=true, cssSelectorsEnabled=true}]
Session ID: 8dc3f3d4a8bc31e9753416d8c436abda
*** Element info: {Using=xpath, value=//div[@id='primary-menu']//span[text()='Car Maintenance']}
	at sun.reflect.NativeConstructorAccessorImpl.newInstance0(Native Method)
	at sun.reflect.NativeConstructorAccessorImpl.newInstance(Unknown Source)
	at sun.reflect.DelegatingConstructorAccessorImpl.newInstance(Unknown Source)
	at java.lang.reflect.Constructor.newInstance(Unknown Source)
	at org.openqa.selenium.remote.ErrorHandler.createThrowable(ErrorHandler.java:206)
	at org.openqa.selenium.remote.ErrorHandler.throwIfResponseFailed(ErrorHandler.java:158)
	at org.openqa.selenium.remote.RemoteWebDriver.execute(RemoteWebDriver.java:678)
	at org.openqa.selenium.remote.RemoteWebDriver.findElement(RemoteWebDriver.java:363)
	at org.openqa.selenium.remote.RemoteWebDriver.findElementByXPath(RemoteWebDriver.java:500)
	at org.openqa.selenium.By$ByXPath.findElement(By.java:361)
	at org.openqa.selenium.remote.RemoteWebDriver.findElement(RemoteWebDriver.java:355)
	at commons.AbstractPage.highlightElement(AbstractPage.java:453)
	at commons.AbstractPage.clickToDynamicPrimaryMenuItem(AbstractPage.java:660)
	at sytner.co.uk.homepage.HomePage_001_MenuItems.MenuItems_009_CarMaintenance(HomePage_001_MenuItems.java:131)
	at sun.reflect.NativeMethodAccessorImpl.invoke0(Native Method)
	at sun.reflect.NativeMethodAccessorImpl.invoke(Unknown Source)
	at sun.reflect.DelegatingMethodAccessorImpl.invoke(Unknown Source)
	at java.lang.reflect.Method.invoke(Unknown Source)
	at org.testng.internal.MethodInvocationHelper.invokeMethod(MethodInvocationHelper.java:85)
	at org.testng.internal.Invoker.invokeMethod(Invoker.java:639)
	at org.testng.internal.Invoker.invokeTestMethod(Invoker.java:816)
	at org.testng.internal.Invoker.invokeTestMethods(Invoker.java:1124)
	at org.testng.internal.TestMethodWorker.invokeTestMethods(TestMethodWorker.java:125)
	at org.testng.internal.TestMethodWorker.run(TestMethodWorker.java:108)
	at org.testng.TestRunner.privateRun(TestRunner.java:774)
	at org.testng.TestRunner.run(TestRunner.java:624)
	at org.testng.SuiteRunner.runTest(SuiteRunner.java:359)
	at org.testng.SuiteRunner.access$000(SuiteRunner.java:39)
	at org.testng.SuiteRunner$SuiteWorker.run(SuiteRunner.java:393)
	at org.testng.internal.thread.ThreadUtil$2.call(ThreadUtil.java:64)
	at java.util.concurrent.FutureTask.run(Unknown Source)
	at java.util.concurrent.ThreadPoolExecutor.runWorker(Unknown Source)
	at java.util.concurrent.ThreadPoolExecutor$Worker.run(Unknown Source)
	at java.lang.Thread.run(Unknown Source)
]]>
            </full-stacktrace>
          </exception> <!-- org.openqa.selenium.NoSuchElementException -->
          <reporter-output>
            <line>
              <![CDATA[2019-07-29 17:33:09,929 INFO  sytner.co.uk.homepage.HomePage_001_MenuItems - MenuItems_009_CarMaintenance- Step 01 : Click to Car Maintenance Menu item
]]>
            </line>
          </reporter-output>
        </test-method> <!-- MenuItems_009_CarMaintenance -->
        <test-method status="FAIL" signature="MenuItems_010_Promotions()[pri:0, instance:sytner.co.uk.homepage.HomePage_001_MenuItems@5a8e6209]" name="MenuItems_010_Promotions" duration-ms="30061" started-at="2019-07-29T17:33:40Z" finished-at="2019-07-29T17:34:10Z">
          <exception class="org.openqa.selenium.NoSuchElementException">
            <message>
              <![CDATA[no such element: Unable to locate element: {"method":"xpath","selector":"//div[@id='primary-menu']//span[text()='Promotions']"}
  (Session info: chrome=75.0.3770.142)
  (Driver info: chromedriver=75.0.3770.140 (2d9f97485c7b07dc18a74666574f19176731995c-refs/branch-heads/3770@{#1155}),platform=Windows NT 10.0.17134 x86_64) (WARNING: The server did not provide any stacktrace information)
Command duration or timeout: 30.06 seconds
For documentation on this error, please visit: http://seleniumhq.org/exceptions/no_such_element.html
Build info: version: '2.53.1', revision: 'a36b8b1', time: '2016-06-30 17:37:03'
System info: host: 'DESKTOP-R5AUEIT', ip: '10.5.21.39', os.name: 'Windows 10', os.arch: 'amd64', os.version: '10.0', java.version: '1.8.0_151'
Driver info: org.openqa.selenium.chrome.ChromeDriver
Capabilities [{mobileEmulationEnabled=false, timeouts={implicit=0, pageLoad=300000, script=30000}, hasTouchScreen=false, platform=XP, acceptSslCerts=false, goog:chromeOptions={debuggerAddress=localhost:59383}, acceptInsecureCerts=false, webStorageEnabled=true, browserName=chrome, takesScreenshot=true, javascriptEnabled=true, setWindowRect=true, unexpectedAlertBehaviour=ignore, applicationCacheEnabled=false, rotatable=false, networkConnectionEnabled=false, chrome={chromedriverVersion=75.0.3770.140 (2d9f97485c7b07dc18a74666574f19176731995c-refs/branch-heads/3770@{#1155}), userDataDir=C:\Users\MYPC\AppData\Local\Temp\scoped_dir4740_13771}, takesHeapSnapshot=true, pageLoadStrategy=normal, strictFileInteractability=false, databaseEnabled=false, handlesAlerts=true, version=75.0.3770.142, browserConnectionEnabled=false, proxy={}, nativeEvents=true, locationContextEnabled=true, cssSelectorsEnabled=true}]
Session ID: 8dc3f3d4a8bc31e9753416d8c436abda
*** Element info: {Using=xpath, value=//div[@id='primary-menu']//span[text()='Promotions']}]]>
            </message>
            <full-stacktrace>
              <![CDATA[org.openqa.selenium.NoSuchElementException: no such element: Unable to locate element: {"method":"xpath","selector":"//div[@id='primary-menu']//span[text()='Promotions']"}
  (Session info: chrome=75.0.3770.142)
  (Driver info: chromedriver=75.0.3770.140 (2d9f97485c7b07dc18a74666574f19176731995c-refs/branch-heads/3770@{#1155}),platform=Windows NT 10.0.17134 x86_64) (WARNING: The server did not provide any stacktrace information)
Command duration or timeout: 30.06 seconds
For documentation on this error, please visit: http://seleniumhq.org/exceptions/no_such_element.html
Build info: version: '2.53.1', revision: 'a36b8b1', time: '2016-06-30 17:37:03'
System info: host: 'DESKTOP-R5AUEIT', ip: '10.5.21.39', os.name: 'Windows 10', os.arch: 'amd64', os.version: '10.0', java.version: '1.8.0_151'
Driver info: org.openqa.selenium.chrome.ChromeDriver
Capabilities [{mobileEmulationEnabled=false, timeouts={implicit=0, pageLoad=300000, script=30000}, hasTouchScreen=false, platform=XP, acceptSslCerts=false, goog:chromeOptions={debuggerAddress=localhost:59383}, acceptInsecureCerts=false, webStorageEnabled=true, browserName=chrome, takesScreenshot=true, javascriptEnabled=true, setWindowRect=true, unexpectedAlertBehaviour=ignore, applicationCacheEnabled=false, rotatable=false, networkConnectionEnabled=false, chrome={chromedriverVersion=75.0.3770.140 (2d9f97485c7b07dc18a74666574f19176731995c-refs/branch-heads/3770@{#1155}), userDataDir=C:\Users\MYPC\AppData\Local\Temp\scoped_dir4740_13771}, takesHeapSnapshot=true, pageLoadStrategy=normal, strictFileInteractability=false, databaseEnabled=false, handlesAlerts=true, version=75.0.3770.142, browserConnectionEnabled=false, proxy={}, nativeEvents=true, locationContextEnabled=true, cssSelectorsEnabled=true}]
Session ID: 8dc3f3d4a8bc31e9753416d8c436abda
*** Element info: {Using=xpath, value=//div[@id='primary-menu']//span[text()='Promotions']}
	at sun.reflect.NativeConstructorAccessorImpl.newInstance0(Native Method)
	at sun.reflect.NativeConstructorAccessorImpl.newInstance(Unknown Source)
	at sun.reflect.DelegatingConstructorAccessorImpl.newInstance(Unknown Source)
	at java.lang.reflect.Constructor.newInstance(Unknown Source)
	at org.openqa.selenium.remote.ErrorHandler.createThrowable(ErrorHandler.java:206)
	at org.openqa.selenium.remote.ErrorHandler.throwIfResponseFailed(ErrorHandler.java:158)
	at org.openqa.selenium.remote.RemoteWebDriver.execute(RemoteWebDriver.java:678)
	at org.openqa.selenium.remote.RemoteWebDriver.findElement(RemoteWebDriver.java:363)
	at org.openqa.selenium.remote.RemoteWebDriver.findElementByXPath(RemoteWebDriver.java:500)
	at org.openqa.selenium.By$ByXPath.findElement(By.java:361)
	at org.openqa.selenium.remote.RemoteWebDriver.findElement(RemoteWebDriver.java:355)
	at commons.AbstractPage.highlightElement(AbstractPage.java:453)
	at commons.AbstractPage.clickToDynamicPrimaryMenuItem(AbstractPage.java:660)
	at sytner.co.uk.homepage.HomePage_001_MenuItems.MenuItems_010_Promotions(HomePage_001_MenuItems.java:141)
	at sun.reflect.NativeMethodAccessorImpl.invoke0(Native Method)
	at sun.reflect.NativeMethodAccessorImpl.invoke(Unknown Source)
	at sun.reflect.DelegatingMethodAccessorImpl.invoke(Unknown Source)
	at java.lang.reflect.Method.invoke(Unknown Source)
	at org.testng.internal.MethodInvocationHelper.invokeMethod(MethodInvocationHelper.java:85)
	at org.testng.internal.Invoker.invokeMethod(Invoker.java:639)
	at org.testng.internal.Invoker.invokeTestMethod(Invoker.java:816)
	at org.testng.internal.Invoker.invokeTestMethods(Invoker.java:1124)
	at org.testng.internal.TestMethodWorker.invokeTestMethods(TestMethodWorker.java:125)
	at org.testng.internal.TestMethodWorker.run(TestMethodWorker.java:108)
	at org.testng.TestRunner.privateRun(TestRunner.java:774)
	at org.testng.TestRunner.run(TestRunner.java:624)
	at org.testng.SuiteRunner.runTest(SuiteRunner.java:359)
	at org.testng.SuiteRunner.access$000(SuiteRunner.java:39)
	at org.testng.SuiteRunner$SuiteWorker.run(SuiteRunner.java:393)
	at org.testng.internal.thread.ThreadUtil$2.call(ThreadUtil.java:64)
	at java.util.concurrent.FutureTask.run(Unknown Source)
	at java.util.concurrent.ThreadPoolExecutor.runWorker(Unknown Source)
	at java.util.concurrent.ThreadPoolExecutor$Worker.run(Unknown Source)
	at java.lang.Thread.run(Unknown Source)
]]>
            </full-stacktrace>
          </exception> <!-- org.openqa.selenium.NoSuchElementException -->
          <reporter-output>
            <line>
              <![CDATA[2019-07-29 17:33:40,121 INFO  sytner.co.uk.homepage.HomePage_001_MenuItems - MenuItems_010_Promotions- Step 01 : Click to Promotions Menu item
]]>
            </line>
          </reporter-output>
        </test-method> <!-- MenuItems_010_Promotions -->
        <test-method status="PASS" signature="MenuItems_011_BusinessUsers()[pri:0, instance:sytner.co.uk.homepage.HomePage_001_MenuItems@5a8e6209]" name="MenuItems_011_BusinessUsers" duration-ms="3552" started-at="2019-07-29T17:34:10Z" finished-at="2019-07-29T17:34:13Z">
          <reporter-output>
            <line>
              <![CDATA[2019-07-29 17:34:10,185 INFO  sytner.co.uk.homepage.HomePage_001_MenuItems - MenuItems_011_BusinessUsers- Step 01 : Click to Business Users Menu item
]]>
            </line>
            <line>
              <![CDATA[2019-07-29 17:34:13,729 INFO  sytner.co.uk.homepage.HomePage_001_MenuItems - MenuItems_011_BusinessUsers- Step 02 : Verify Business Users page is displayed
]]>
            </line>
            <line>
              <![CDATA[2019-07-29 17:34:13,736 INFO  sytner.co.uk.homepage.HomePage_001_MenuItems - ===PASSED===
]]>
            </line>
          </reporter-output>
        </test-method> <!-- MenuItems_011_BusinessUsers -->
        <test-method status="PASS" signature="MenuItems_012_SellYourCar()[pri:0, instance:sytner.co.uk.homepage.HomePage_001_MenuItems@5a8e6209]" name="MenuItems_012_SellYourCar" duration-ms="3926" started-at="2019-07-29T17:34:13Z" finished-at="2019-07-29T17:34:17Z">
          <reporter-output>
            <line>
              <![CDATA[2019-07-29 17:34:13,737 INFO  sytner.co.uk.homepage.HomePage_001_MenuItems - MenuItems_012_SellYourCar- Step 01 : Click to Sell your car Users Menu item
]]>
            </line>
            <line>
              <![CDATA[2019-07-29 17:34:17,645 INFO  sytner.co.uk.homepage.HomePage_001_MenuItems - MenuItems_012_SellYourCar- Step 02 : Verify Sell your car page is displayed
]]>
            </line>
            <line>
              <![CDATA[2019-07-29 17:34:17,663 INFO  sytner.co.uk.homepage.HomePage_001_MenuItems - ===PASSED===
]]>
            </line>
          </reporter-output>
        </test-method> <!-- MenuItems_012_SellYourCar -->
        <test-method status="FAIL" signature="MenuItems_013_DealerLocator()[pri:0, instance:sytner.co.uk.homepage.HomePage_001_MenuItems@5a8e6209]" name="MenuItems_013_DealerLocator" duration-ms="30033" started-at="2019-07-29T17:34:17Z" finished-at="2019-07-29T17:34:47Z">
          <exception class="org.openqa.selenium.NoSuchElementException">
            <message>
              <![CDATA[no such element: Unable to locate element: {"method":"xpath","selector":"//div[@id='primary-menu']//span[text()='Dealer Locator']"}
  (Session info: chrome=75.0.3770.142)
  (Driver info: chromedriver=75.0.3770.140 (2d9f97485c7b07dc18a74666574f19176731995c-refs/branch-heads/3770@{#1155}),platform=Windows NT 10.0.17134 x86_64) (WARNING: The server did not provide any stacktrace information)
Command duration or timeout: 30.03 seconds
For documentation on this error, please visit: http://seleniumhq.org/exceptions/no_such_element.html
Build info: version: '2.53.1', revision: 'a36b8b1', time: '2016-06-30 17:37:03'
System info: host: 'DESKTOP-R5AUEIT', ip: '10.5.21.39', os.name: 'Windows 10', os.arch: 'amd64', os.version: '10.0', java.version: '1.8.0_151'
Driver info: org.openqa.selenium.chrome.ChromeDriver
Capabilities [{mobileEmulationEnabled=false, timeouts={implicit=0, pageLoad=300000, script=30000}, hasTouchScreen=false, platform=XP, acceptSslCerts=false, goog:chromeOptions={debuggerAddress=localhost:59383}, acceptInsecureCerts=false, webStorageEnabled=true, browserName=chrome, takesScreenshot=true, javascriptEnabled=true, setWindowRect=true, unexpectedAlertBehaviour=ignore, applicationCacheEnabled=false, rotatable=false, networkConnectionEnabled=false, chrome={chromedriverVersion=75.0.3770.140 (2d9f97485c7b07dc18a74666574f19176731995c-refs/branch-heads/3770@{#1155}), userDataDir=C:\Users\MYPC\AppData\Local\Temp\scoped_dir4740_13771}, takesHeapSnapshot=true, pageLoadStrategy=normal, strictFileInteractability=false, databaseEnabled=false, handlesAlerts=true, version=75.0.3770.142, browserConnectionEnabled=false, proxy={}, nativeEvents=true, locationContextEnabled=true, cssSelectorsEnabled=true}]
Session ID: 8dc3f3d4a8bc31e9753416d8c436abda
*** Element info: {Using=xpath, value=//div[@id='primary-menu']//span[text()='Dealer Locator']}]]>
            </message>
            <full-stacktrace>
              <![CDATA[org.openqa.selenium.NoSuchElementException: no such element: Unable to locate element: {"method":"xpath","selector":"//div[@id='primary-menu']//span[text()='Dealer Locator']"}
  (Session info: chrome=75.0.3770.142)
  (Driver info: chromedriver=75.0.3770.140 (2d9f97485c7b07dc18a74666574f19176731995c-refs/branch-heads/3770@{#1155}),platform=Windows NT 10.0.17134 x86_64) (WARNING: The server did not provide any stacktrace information)
Command duration or timeout: 30.03 seconds
For documentation on this error, please visit: http://seleniumhq.org/exceptions/no_such_element.html
Build info: version: '2.53.1', revision: 'a36b8b1', time: '2016-06-30 17:37:03'
System info: host: 'DESKTOP-R5AUEIT', ip: '10.5.21.39', os.name: 'Windows 10', os.arch: 'amd64', os.version: '10.0', java.version: '1.8.0_151'
Driver info: org.openqa.selenium.chrome.ChromeDriver
Capabilities [{mobileEmulationEnabled=false, timeouts={implicit=0, pageLoad=300000, script=30000}, hasTouchScreen=false, platform=XP, acceptSslCerts=false, goog:chromeOptions={debuggerAddress=localhost:59383}, acceptInsecureCerts=false, webStorageEnabled=true, browserName=chrome, takesScreenshot=true, javascriptEnabled=true, setWindowRect=true, unexpectedAlertBehaviour=ignore, applicationCacheEnabled=false, rotatable=false, networkConnectionEnabled=false, chrome={chromedriverVersion=75.0.3770.140 (2d9f97485c7b07dc18a74666574f19176731995c-refs/branch-heads/3770@{#1155}), userDataDir=C:\Users\MYPC\AppData\Local\Temp\scoped_dir4740_13771}, takesHeapSnapshot=true, pageLoadStrategy=normal, strictFileInteractability=false, databaseEnabled=false, handlesAlerts=true, version=75.0.3770.142, browserConnectionEnabled=false, proxy={}, nativeEvents=true, locationContextEnabled=true, cssSelectorsEnabled=true}]
Session ID: 8dc3f3d4a8bc31e9753416d8c436abda
*** Element info: {Using=xpath, value=//div[@id='primary-menu']//span[text()='Dealer Locator']}
	at sun.reflect.NativeConstructorAccessorImpl.newInstance0(Native Method)
	at sun.reflect.NativeConstructorAccessorImpl.newInstance(Unknown Source)
	at sun.reflect.DelegatingConstructorAccessorImpl.newInstance(Unknown Source)
	at java.lang.reflect.Constructor.newInstance(Unknown Source)
	at org.openqa.selenium.remote.ErrorHandler.createThrowable(ErrorHandler.java:206)
	at org.openqa.selenium.remote.ErrorHandler.throwIfResponseFailed(ErrorHandler.java:158)
	at org.openqa.selenium.remote.RemoteWebDriver.execute(RemoteWebDriver.java:678)
	at org.openqa.selenium.remote.RemoteWebDriver.findElement(RemoteWebDriver.java:363)
	at org.openqa.selenium.remote.RemoteWebDriver.findElementByXPath(RemoteWebDriver.java:500)
	at org.openqa.selenium.By$ByXPath.findElement(By.java:361)
	at org.openqa.selenium.remote.RemoteWebDriver.findElement(RemoteWebDriver.java:355)
	at commons.AbstractPage.highlightElement(AbstractPage.java:453)
	at commons.AbstractPage.clickToDynamicPrimaryMenuItem(AbstractPage.java:660)
	at sytner.co.uk.homepage.HomePage_001_MenuItems.MenuItems_013_DealerLocator(HomePage_001_MenuItems.java:171)
	at sun.reflect.NativeMethodAccessorImpl.invoke0(Native Method)
	at sun.reflect.NativeMethodAccessorImpl.invoke(Unknown Source)
	at sun.reflect.DelegatingMethodAccessorImpl.invoke(Unknown Source)
	at java.lang.reflect.Method.invoke(Unknown Source)
	at org.testng.internal.MethodInvocationHelper.invokeMethod(MethodInvocationHelper.java:85)
	at org.testng.internal.Invoker.invokeMethod(Invoker.java:639)
	at org.testng.internal.Invoker.invokeTestMethod(Invoker.java:816)
	at org.testng.internal.Invoker.invokeTestMethods(Invoker.java:1124)
	at org.testng.internal.TestMethodWorker.invokeTestMethods(TestMethodWorker.java:125)
	at org.testng.internal.TestMethodWorker.run(TestMethodWorker.java:108)
	at org.testng.TestRunner.privateRun(TestRunner.java:774)
	at org.testng.TestRunner.run(TestRunner.java:624)
	at org.testng.SuiteRunner.runTest(SuiteRunner.java:359)
	at org.testng.SuiteRunner.access$000(SuiteRunner.java:39)
	at org.testng.SuiteRunner$SuiteWorker.run(SuiteRunner.java:393)
	at org.testng.internal.thread.ThreadUtil$2.call(ThreadUtil.java:64)
	at java.util.concurrent.FutureTask.run(Unknown Source)
	at java.util.concurrent.ThreadPoolExecutor.runWorker(Unknown Source)
	at java.util.concurrent.ThreadPoolExecutor$Worker.run(Unknown Source)
	at java.lang.Thread.run(Unknown Source)
]]>
            </full-stacktrace>
          </exception> <!-- org.openqa.selenium.NoSuchElementException -->
          <reporter-output>
            <line>
              <![CDATA[2019-07-29 17:34:17,664 INFO  sytner.co.uk.homepage.HomePage_001_MenuItems - MenuItems_013_DealerLocator- Step 01 : Click to Dealer Locator Menu item
]]>
            </line>
          </reporter-output>
        </test-method> <!-- MenuItems_013_DealerLocator -->
        <test-method status="FAIL" signature="MenuItems_014_HomeIcon()[pri:0, instance:sytner.co.uk.homepage.HomePage_001_MenuItems@5a8e6209]" name="MenuItems_014_HomeIcon" duration-ms="26204" started-at="2019-07-29T17:34:47Z" finished-at="2019-07-29T17:35:13Z">
          <exception class="java.lang.NullPointerException">
            <full-stacktrace>
              <![CDATA[java.lang.NullPointerException
	at commons.AbstractPage.highlightElement(AbstractPage.java:454)
	at commons.AbstractPage.clickToDynamicPrimaryMenuItem(AbstractPage.java:660)
	at sytner.co.uk.homepage.HomePage_001_MenuItems.MenuItems_014_HomeIcon(HomePage_001_MenuItems.java:181)
	at sun.reflect.NativeMethodAccessorImpl.invoke0(Native Method)
	at sun.reflect.NativeMethodAccessorImpl.invoke(Unknown Source)
	at sun.reflect.DelegatingMethodAccessorImpl.invoke(Unknown Source)
	at java.lang.reflect.Method.invoke(Unknown Source)
	at org.testng.internal.MethodInvocationHelper.invokeMethod(MethodInvocationHelper.java:85)
	at org.testng.internal.Invoker.invokeMethod(Invoker.java:639)
	at org.testng.internal.Invoker.invokeTestMethod(Invoker.java:816)
	at org.testng.internal.Invoker.invokeTestMethods(Invoker.java:1124)
	at org.testng.internal.TestMethodWorker.invokeTestMethods(TestMethodWorker.java:125)
	at org.testng.internal.TestMethodWorker.run(TestMethodWorker.java:108)
	at org.testng.TestRunner.privateRun(TestRunner.java:774)
	at org.testng.TestRunner.run(TestRunner.java:624)
	at org.testng.SuiteRunner.runTest(SuiteRunner.java:359)
	at org.testng.SuiteRunner.access$000(SuiteRunner.java:39)
	at org.testng.SuiteRunner$SuiteWorker.run(SuiteRunner.java:393)
	at org.testng.internal.thread.ThreadUtil$2.call(ThreadUtil.java:64)
	at java.util.concurrent.FutureTask.run(Unknown Source)
	at java.util.concurrent.ThreadPoolExecutor.runWorker(Unknown Source)
	at java.util.concurrent.ThreadPoolExecutor$Worker.run(Unknown Source)
	at java.lang.Thread.run(Unknown Source)
]]>
            </full-stacktrace>
          </exception> <!-- java.lang.NullPointerException -->
          <reporter-output>
            <line>
              <![CDATA[2019-07-29 17:34:47,700 INFO  sytner.co.uk.homepage.HomePage_001_MenuItems - MenuItems_014_HomeIcon- Step 01 : Click to Dealer Locator
]]>
            </line>
          </reporter-output>
        </test-method> <!-- MenuItems_014_HomeIcon -->
        <test-method status="FAIL" signature="MenuItems_015_SytnerGroupLogo()[pri:0, instance:sytner.co.uk.homepage.HomePage_001_MenuItems@5a8e6209]" name="MenuItems_015_SytnerGroupLogo" duration-ms="5" started-at="2019-07-29T17:35:13Z" finished-at="2019-07-29T17:35:13Z">
          <exception class="org.openqa.selenium.NoSuchWindowException">
            <message>
              <![CDATA[no such window: target window already closed
from unknown error: web view not found
  (Session info: chrome=75.0.3770.142)
  (Driver info: chromedriver=75.0.3770.140 (2d9f97485c7b07dc18a74666574f19176731995c-refs/branch-heads/3770@{#1155}),platform=Windows NT 10.0.17134 x86_64) (WARNING: The server did not provide any stacktrace information)
Command duration or timeout: 4 milliseconds
Build info: version: '2.53.1', revision: 'a36b8b1', time: '2016-06-30 17:37:03'
System info: host: 'DESKTOP-R5AUEIT', ip: '10.5.21.39', os.name: 'Windows 10', os.arch: 'amd64', os.version: '10.0', java.version: '1.8.0_151'
Driver info: org.openqa.selenium.chrome.ChromeDriver
Capabilities [{mobileEmulationEnabled=false, timeouts={implicit=0, pageLoad=300000, script=30000}, hasTouchScreen=false, platform=XP, acceptSslCerts=false, goog:chromeOptions={debuggerAddress=localhost:59383}, acceptInsecureCerts=false, webStorageEnabled=true, browserName=chrome, takesScreenshot=true, javascriptEnabled=true, setWindowRect=true, unexpectedAlertBehaviour=ignore, applicationCacheEnabled=false, rotatable=false, networkConnectionEnabled=false, chrome={chromedriverVersion=75.0.3770.140 (2d9f97485c7b07dc18a74666574f19176731995c-refs/branch-heads/3770@{#1155}), userDataDir=C:\Users\MYPC\AppData\Local\Temp\scoped_dir4740_13771}, takesHeapSnapshot=true, pageLoadStrategy=normal, strictFileInteractability=false, databaseEnabled=false, handlesAlerts=true, version=75.0.3770.142, browserConnectionEnabled=false, proxy={}, nativeEvents=true, locationContextEnabled=true, cssSelectorsEnabled=true}]
Session ID: 8dc3f3d4a8bc31e9753416d8c436abda
*** Element info: {Using=xpath, value=//div[@id='primary-menu']//span[text()='Dealer Locator']}]]>
            </message>
            <full-stacktrace>
              <![CDATA[org.openqa.selenium.NoSuchWindowException: no such window: target window already closed
from unknown error: web view not found
  (Session info: chrome=75.0.3770.142)
  (Driver info: chromedriver=75.0.3770.140 (2d9f97485c7b07dc18a74666574f19176731995c-refs/branch-heads/3770@{#1155}),platform=Windows NT 10.0.17134 x86_64) (WARNING: The server did not provide any stacktrace information)
Command duration or timeout: 4 milliseconds
Build info: version: '2.53.1', revision: 'a36b8b1', time: '2016-06-30 17:37:03'
System info: host: 'DESKTOP-R5AUEIT', ip: '10.5.21.39', os.name: 'Windows 10', os.arch: 'amd64', os.version: '10.0', java.version: '1.8.0_151'
Driver info: org.openqa.selenium.chrome.ChromeDriver
Capabilities [{mobileEmulationEnabled=false, timeouts={implicit=0, pageLoad=300000, script=30000}, hasTouchScreen=false, platform=XP, acceptSslCerts=false, goog:chromeOptions={debuggerAddress=localhost:59383}, acceptInsecureCerts=false, webStorageEnabled=true, browserName=chrome, takesScreenshot=true, javascriptEnabled=true, setWindowRect=true, unexpectedAlertBehaviour=ignore, applicationCacheEnabled=false, rotatable=false, networkConnectionEnabled=false, chrome={chromedriverVersion=75.0.3770.140 (2d9f97485c7b07dc18a74666574f19176731995c-refs/branch-heads/3770@{#1155}), userDataDir=C:\Users\MYPC\AppData\Local\Temp\scoped_dir4740_13771}, takesHeapSnapshot=true, pageLoadStrategy=normal, strictFileInteractability=false, databaseEnabled=false, handlesAlerts=true, version=75.0.3770.142, browserConnectionEnabled=false, proxy={}, nativeEvents=true, locationContextEnabled=true, cssSelectorsEnabled=true}]
Session ID: 8dc3f3d4a8bc31e9753416d8c436abda
*** Element info: {Using=xpath, value=//div[@id='primary-menu']//span[text()='Dealer Locator']}
	at sun.reflect.NativeConstructorAccessorImpl.newInstance0(Native Method)
	at sun.reflect.NativeConstructorAccessorImpl.newInstance(Unknown Source)
	at sun.reflect.DelegatingConstructorAccessorImpl.newInstance(Unknown Source)
	at java.lang.reflect.Constructor.newInstance(Unknown Source)
	at org.openqa.selenium.remote.ErrorHandler.createThrowable(ErrorHandler.java:206)
	at org.openqa.selenium.remote.ErrorHandler.throwIfResponseFailed(ErrorHandler.java:158)
	at org.openqa.selenium.remote.RemoteWebDriver.execute(RemoteWebDriver.java:678)
	at org.openqa.selenium.remote.RemoteWebDriver.findElement(RemoteWebDriver.java:363)
	at org.openqa.selenium.remote.RemoteWebDriver.findElementByXPath(RemoteWebDriver.java:500)
	at org.openqa.selenium.By$ByXPath.findElement(By.java:361)
	at org.openqa.selenium.remote.RemoteWebDriver.findElement(RemoteWebDriver.java:355)
	at commons.AbstractPage.highlightElement(AbstractPage.java:453)
	at commons.AbstractPage.clickToDynamicPrimaryMenuItem(AbstractPage.java:660)
	at sytner.co.uk.homepage.HomePage_001_MenuItems.MenuItems_015_SytnerGroupLogo(HomePage_001_MenuItems.java:195)
	at sun.reflect.NativeMethodAccessorImpl.invoke0(Native Method)
	at sun.reflect.NativeMethodAccessorImpl.invoke(Unknown Source)
	at sun.reflect.DelegatingMethodAccessorImpl.invoke(Unknown Source)
	at java.lang.reflect.Method.invoke(Unknown Source)
	at org.testng.internal.MethodInvocationHelper.invokeMethod(MethodInvocationHelper.java:85)
	at org.testng.internal.Invoker.invokeMethod(Invoker.java:639)
	at org.testng.internal.Invoker.invokeTestMethod(Invoker.java:816)
	at org.testng.internal.Invoker.invokeTestMethods(Invoker.java:1124)
	at org.testng.internal.TestMethodWorker.invokeTestMethods(TestMethodWorker.java:125)
	at org.testng.internal.TestMethodWorker.run(TestMethodWorker.java:108)
	at org.testng.TestRunner.privateRun(TestRunner.java:774)
	at org.testng.TestRunner.run(TestRunner.java:624)
	at org.testng.SuiteRunner.runTest(SuiteRunner.java:359)
	at org.testng.SuiteRunner.access$000(SuiteRunner.java:39)
	at org.testng.SuiteRunner$SuiteWorker.run(SuiteRunner.java:393)
	at org.testng.internal.thread.ThreadUtil$2.call(ThreadUtil.java:64)
	at java.util.concurrent.FutureTask.run(Unknown Source)
	at java.util.concurrent.ThreadPoolExecutor.runWorker(Unknown Source)
	at java.util.concurrent.ThreadPoolExecutor$Worker.run(Unknown Source)
	at java.lang.Thread.run(Unknown Source)
]]>
            </full-stacktrace>
          </exception> <!-- org.openqa.selenium.NoSuchWindowException -->
          <reporter-output>
            <line>
              <![CDATA[2019-07-29 17:35:13,905 INFO  sytner.co.uk.homepage.HomePage_001_MenuItems - MenuItems_015_SytnerGroupLogo- Step 01 : Click to Dealer Locator Menu item
]]>
            </line>
          </reporter-output>
        </test-method> <!-- MenuItems_015_SytnerGroupLogo -->
        <test-method status="PASS" signature="afterClass()[pri:0, instance:sytner.co.uk.homepage.HomePage_001_MenuItems@5a8e6209]" name="afterClass" is-config="true" duration-ms="6" started-at="2019-07-29T17:35:13Z" finished-at="2019-07-29T17:35:13Z">
          <reporter-output>
          </reporter-output>
        </test-method> <!-- afterClass -->
      </class> <!-- sytner.co.uk.homepage.HomePage_001_MenuItems -->
    </test> <!-- RUN ON FIREFOX -->
  </suite> <!-- SYTNER -->
</testng-results>
